<?xml version="1.0" encoding="UTF-8"?>
<testsuite name="is.ru.TicTacToe.GridTest" tests="4" skipped="0" failures="0" errors="0" timestamp="2017-10-28T21:38:10" hostname="Helgas-MacBook-Pro.local" time="0.003">
  <properties/>
  <testcase name="testSetOwnerNonEmpty" classname="is.ru.TicTacToe.GridTest" time="0.002"/>
  <testcase name="testConstructorForGridNumber" classname="is.ru.TicTacToe.GridTest" time="0.001"/>
  <testcase name="testConstructorForGridPlayer" classname="is.ru.TicTacToe.GridTest" time="0.0"/>
  <testcase name="testGridNumber" classname="is.ru.TicTacToe.GridTest" time="0.0"/>
  <system-out><![CDATA[]]></system-out>
  <system-err><![CDATA[]]></system-err>
</testsuite>
