<?xml version="1.0" encoding="UTF-8"?>
<testsuite name="is.ru.TicTacToe.GridTest" tests="2" skipped="0" failures="0" errors="0" timestamp="2017-10-26T15:25:35" hostname="Helgas-MacBook-Pro.local" time="0.002">
  <properties/>
  <testcase name="testConstructorForGridNumber" classname="is.ru.TicTacToe.GridTest" time="0.001"/>
  <testcase name="testConstructorForGridPlayer" classname="is.ru.TicTacToe.GridTest" time="0.0"/>
  <system-out><![CDATA[]]></system-out>
  <system-err><![CDATA[]]></system-err>
</testsuite>
