<?xml version="1.0" encoding="UTF-8"?>
<testsuite name="is.ru.TicTacToe.TicTacToeTest" tests="1" skipped="0" failures="0" errors="0" timestamp="2017-10-28T20:56:59" hostname="Helgas-MacBook-Pro.local" time="0.018">
  <properties/>
  <testcase name="checkIfTicTacToeGameThatHasBeenStartedTest" classname="is.ru.TicTacToe.TicTacToeTest" time="0.018"/>
  <system-out><![CDATA[]]></system-out>
  <system-err><![CDATA[]]></system-err>
</testsuite>
